This file contains any messages produced by compilers while
running configure, to aid debugging if configure makes a mistake.

It was created by configure, which was
generated by GNU Autoconf 2.61.  Invocation command line was

  $ ./configure --enable-obf

## --------- ##
## Platform. ##
## --------- ##

hostname = eric-desktop
uname -m = i686
uname -r = 2.6.27-11-generic
uname -s = Linux
uname -v = #1 SMP Wed Apr 1 20:57:48 UTC 2009

/usr/bin/uname -p = unknown
/bin/uname -X     = unknown

/bin/arch              = unknown
/usr/bin/arch -k       = unknown
/usr/convex/getsysinfo = unknown
/usr/bin/hostinfo      = unknown
/bin/machine           = unknown
/usr/bin/oslevel       = unknown
/bin/universe          = unknown

PATH: /usr/local/sbin
PATH: /usr/local/bin
PATH: /usr/sbin
PATH: /usr/bin
PATH: /sbin
PATH: /bin
PATH: /usr/games


## ----------- ##
## Core tests. ##
## ----------- ##

configure:1889: checking for grep that handles long lines and -e
configure:1963: result: /bin/grep
configure:1968: checking for egrep
configure:2046: result: /bin/grep -E
configure:2051: checking for a sed that does not truncate output
configure:2105: result: /bin/sed
configure:2228: checking for gcc
configure:2244: found /usr/bin/gcc
configure:2255: result: gcc
configure:2493: checking for C compiler version
configure:2500: gcc --version >&5
gcc (Ubuntu 4.3.2-1ubuntu12) 4.3.2
Copyright (C) 2008 Free Software Foundation, Inc.
This is free software; see the source for copying conditions.  There is NO
warranty; not even for MERCHANTABILITY or FITNESS FOR A PARTICULAR PURPOSE.

configure:2503: $? = 0
configure:2510: gcc -v >&5
Using built-in specs.
Target: i486-linux-gnu
Configured with: ../src/configure -v --with-pkgversion='Ubuntu 4.3.2-1ubuntu12' --with-bugurl=file:///usr/share/doc/gcc-4.3/README.Bugs --enable-languages=c,c++,fortran,objc,obj-c++ --prefix=/usr --enable-shared --with-system-zlib --libexecdir=/usr/lib --without-included-gettext --enable-threads=posix --enable-nls --with-gxx-include-dir=/usr/include/c++/4.3 --program-suffix=-4.3 --enable-clocale=gnu --enable-libstdcxx-debug --enable-objc-gc --enable-mpfr --enable-targets=all --enable-checking=release --build=i486-linux-gnu --host=i486-linux-gnu --target=i486-linux-gnu
Thread model: posix
gcc version 4.3.2 (Ubuntu 4.3.2-1ubuntu12) 
configure:2513: $? = 0
configure:2520: gcc -V >&5
gcc: '-V' option must have argument
configure:2523: $? = 1
configure:2546: checking for C compiler default output file name
configure:2573: gcc    conftest.c  >&5
configure:2576: $? = 0
configure:2614: result: a.out
configure:2631: checking whether the C compiler works
configure:2641: ./a.out
configure:2644: $? = 0
configure:2661: result: yes
configure:2668: checking whether we are cross compiling
configure:2670: result: no
configure:2673: checking for suffix of executables
configure:2680: gcc -o conftest    conftest.c  >&5
configure:2683: $? = 0
configure:2707: result: 
configure:2713: checking for suffix of object files
configure:2739: gcc -c   conftest.c >&5
configure:2742: $? = 0
configure:2765: result: o
configure:2769: checking whether we are using the GNU C compiler
configure:2798: gcc -c   conftest.c >&5
configure:2804: $? = 0
configure:2821: result: yes
configure:2826: checking whether gcc accepts -g
configure:2856: gcc -c -g  conftest.c >&5
configure:2862: $? = 0
configure:2961: result: yes
configure:2978: checking for gcc option to accept ISO C89
configure:3052: gcc  -c -g -O2  conftest.c >&5
configure:3058: $? = 0
configure:3081: result: none needed
configure:3105: checking how to run the C preprocessor
configure:3145: gcc -E  conftest.c
configure:3151: $? = 0
configure:3182: gcc -E  conftest.c
conftest.c:8:28: error: ac_nonexistent.h: No such file or directory
configure:3188: $? = 1
configure: failed program was:
| /* confdefs.h.  */
| #define PACKAGE_NAME ""
| #define PACKAGE_TARNAME ""
| #define PACKAGE_VERSION ""
| #define PACKAGE_STRING ""
| #define PACKAGE_BUGREPORT ""
| /* end confdefs.h.  */
| #include <ac_nonexistent.h>
configure:3221: result: gcc -E
configure:3250: gcc -E  conftest.c
configure:3256: $? = 0
configure:3287: gcc -E  conftest.c
conftest.c:8:28: error: ac_nonexistent.h: No such file or directory
configure:3293: $? = 1
configure: failed program was:
| /* confdefs.h.  */
| #define PACKAGE_NAME ""
| #define PACKAGE_TARNAME ""
| #define PACKAGE_VERSION ""
| #define PACKAGE_STRING ""
| #define PACKAGE_BUGREPORT ""
| /* end confdefs.h.  */
| #include <ac_nonexistent.h>
configure:3333: checking for icc
configure:3346: result: no
configure:3359: checking whether gcc and cc understand -c and -o together
configure:3394: gcc -c conftest.c -o conftest2.o >&5
configure:3397: $? = 0
configure:3403: gcc -c conftest.c -o conftest2.o >&5
configure:3406: $? = 0
configure:3417: cc -c conftest.c >&5
configure:3420: $? = 0
configure:3428: cc -c conftest.c -o conftest2.o >&5
configure:3431: $? = 0
configure:3437: cc -c conftest.c -o conftest2.o >&5
configure:3440: $? = 0
configure:3458: result: yes
configure:3474: checking for system library directory
configure:3492: result: lib
configure:3499: checking if compiler supports -R
configure:3528: gcc -o conftest -g -O2   conftest.c -R /usr/lib  >&5
gcc: unrecognized option '-R'
/usr/bin/ld: /usr/lib: No such file: File format not recognized
collect2: ld returned 1 exit status
configure:3534: $? = 1
configure: failed program was:
| /* confdefs.h.  */
| #define PACKAGE_NAME ""
| #define PACKAGE_TARNAME ""
| #define PACKAGE_VERSION ""
| #define PACKAGE_STRING ""
| #define PACKAGE_BUGREPORT ""
| /* end confdefs.h.  */
| 
| int
| main ()
| {
| 
|   ;
|   return 0;
| }
configure:3553: result: no
configure:3558: checking if compiler supports -Wl,-rpath,
configure:3587: gcc -o conftest -g -O2   conftest.c -Wl,-rpath,/usr/lib  >&5
configure:3593: $? = 0
configure:3612: result: yes
configure:3661: checking build system type
configure:3679: result: i686-pc-linux-gnu
configure:3701: checking host system type
configure:3716: result: i686-pc-linux-gnu
configure:3738: checking target system type
configure:3753: result: i686-pc-linux-gnu
configure:3865: checking for PHP prefix
configure:3867: result: /usr/local
configure:3869: checking for PHP includes
configure:3871: result: -I/usr/local/include/php -I/usr/local/include/php/main -I/usr/local/include/php/TSRM -I/usr/local/include/php/Zend -I/usr/local/include/php/ext -I/usr/local/include/php/ext/date/lib
configure:3873: checking for PHP extension directory
configure:3875: result: /usr/local/lib/php/extensions/debug-zts-20060613
configure:3877: checking for PHP installed headers prefix
configure:3879: result: /usr/local/include/php
configure:3882: checking if debug is enabled
configure:3911: result: yes
configure:3914: checking if zts is enabled
configure:3944: result: yes
configure:4017: checking for re2c
configure:4047: result: no
configure:4072: WARNING: You will need re2c 0.13.4 or later if you want to regenerate PHP parsers.
configure:4086: checking for gawk
configure:4117: result: no
configure:4086: checking for nawk
configure:4103: found /usr/bin/nawk
configure:4114: result: nawk
configure:4139: checking if nawk is broken
configure:4148: result: no
configure:4161: checking whether to enable iRODS password obfuscation support
configure:4203: result: yes, shared
configure:4601: checking for ld used by gcc
configure:4668: result: /usr/bin/ld
configure:4677: checking if the linker (/usr/bin/ld) is GNU ld
configure:4692: result: yes
configure:4697: checking for /usr/bin/ld option to reload object files
configure:4704: result: -r
configure:4722: checking for BSD-compatible nm
configure:4764: result: /usr/bin/nm -B
configure:4768: checking whether ln -s works
configure:4772: result: yes
configure:4779: checking how to recognise dependent libraries
configure:4951: result: pass_all
configure:5154: checking for ANSI C header files
configure:5184: gcc -c -g  -O0 -I/usr/local/include/php conftest.c >&5
configure:5190: $? = 0
configure:5289: gcc -o conftest -g  -O0 -I/usr/local/include/php  conftest.c  >&5
configure:5292: $? = 0
configure:5298: ./conftest
configure:5301: $? = 0
configure:5318: result: yes
configure:5342: checking for sys/types.h
configure:5363: gcc -c -g  -O0 -I/usr/local/include/php conftest.c >&5
configure:5369: $? = 0
configure:5385: result: yes
configure:5342: checking for sys/stat.h
configure:5363: gcc -c -g  -O0 -I/usr/local/include/php conftest.c >&5
configure:5369: $? = 0
configure:5385: result: yes
configure:5342: checking for stdlib.h
configure:5363: gcc -c -g  -O0 -I/usr/local/include/php conftest.c >&5
configure:5369: $? = 0
configure:5385: result: yes
configure:5342: checking for string.h
configure:5363: gcc -c -g  -O0 -I/usr/local/include/php conftest.c >&5
configure:5369: $? = 0
configure:5385: result: yes
configure:5342: checking for memory.h
configure:5363: gcc -c -g  -O0 -I/usr/local/include/php conftest.c >&5
configure:5369: $? = 0
configure:5385: result: yes
configure:5342: checking for strings.h
configure:5363: gcc -c -g  -O0 -I/usr/local/include/php conftest.c >&5
configure:5369: $? = 0
configure:5385: result: yes
configure:5342: checking for inttypes.h
configure:5363: gcc -c -g  -O0 -I/usr/local/include/php conftest.c >&5
configure:5369: $? = 0
configure:5385: result: yes
configure:5342: checking for stdint.h
configure:5363: gcc -c -g  -O0 -I/usr/local/include/php conftest.c >&5
configure:5369: $? = 0
configure:5385: result: yes
configure:5342: checking for unistd.h
configure:5363: gcc -c -g  -O0 -I/usr/local/include/php conftest.c >&5
configure:5369: $? = 0
configure:5385: result: yes
configure:5412: checking dlfcn.h usability
configure:5429: gcc -c -g  -O0 -I/usr/local/include/php conftest.c >&5
configure:5435: $? = 0
configure:5449: result: yes
configure:5453: checking dlfcn.h presence
configure:5468: gcc -E -I/usr/local/include/php conftest.c
configure:5474: $? = 0
configure:5488: result: yes
configure:5516: checking for dlfcn.h
configure:5524: result: yes
configure:5551: checking the maximum length of command line arguments
configure:5643: result: 32768
configure:5654: checking command to parse /usr/bin/nm -B output from gcc object
configure:5750: gcc -c -g  -O0 -I/usr/local/include/php conftest.c >&5
configure:5753: $? = 0
configure:5757: /usr/bin/nm -B conftest.o \| sed -n -e 's/^.*[ 	]\([ABCDGIRSTW][ABCDGIRSTW]*\)[ 	][ 	]*\([_A-Za-z][_A-Za-z0-9]*\)$/\1 \2 \2/p' \> conftest.nm
configure:5760: $? = 0
configure:5812: gcc -o conftest -g  -O0 -I/usr/local/include/php  conftest.c conftstm.o >&5
configure:5815: $? = 0
configure:5853: result: ok
configure:5857: checking for objdir
configure:5872: result: .libs
configure:5964: checking for ar
configure:5980: found /usr/bin/ar
configure:5991: result: ar
configure:6060: checking for ranlib
configure:6076: found /usr/bin/ranlib
configure:6087: result: ranlib
configure:6156: checking for strip
configure:6172: found /usr/bin/strip
configure:6183: result: strip
configure:6485: checking if gcc static flag  works
configure:6513: result: yes
configure:6535: checking if gcc supports -fno-rtti -fno-exceptions
configure:6553: gcc -c -g  -O0 -I/usr/local/include/php -fno-rtti -fno-exceptions conftest.c >&5
cc1: warning: command line option "-fno-rtti" is valid for C++/ObjC++ but not for C
configure:6557: $? = 0
configure:6570: result: no
configure:6585: checking for gcc option to produce PIC
configure:6789: result: -fPIC
configure:6797: checking if gcc PIC flag -fPIC works
configure:6815: gcc -c -g  -O0 -I/usr/local/include/php -fPIC -DPIC conftest.c >&5
configure:6819: $? = 0
configure:6832: result: yes
configure:6856: checking if gcc supports -c -o file.o
configure:6877: gcc -c -g  -O0 -I/usr/local/include/php -o out/conftest2.o conftest.c >&5
configure:6881: $? = 0
configure:6903: result: yes
configure:6929: checking whether the gcc linker (/usr/bin/ld) supports shared libraries
configure:7773: result: yes
configure:7799: checking whether -lc should be explicitly linked in
configure:7804: gcc -c -g  -O0 -I/usr/local/include/php conftest.c >&5
configure:7807: $? = 0
configure:7821: gcc -shared conftest.o  -v -Wl,-soname -Wl,conftest -o conftest 2\>\&1 \| grep  -lc  \>/dev/null 2\>\&1
configure:7824: $? = 0
configure:7836: result: no
configure:7844: checking dynamic linker characteristics
configure:8419: result: GNU/Linux ld.so
configure:8423: checking how to hardcode library paths into programs
configure:8448: result: immediate
configure:8462: checking whether stripping libraries is possible
configure:8467: result: yes
configure:9264: checking if libtool supports shared libraries
configure:9266: result: yes
configure:9269: checking whether to build shared libraries
configure:9290: result: yes
configure:9293: checking whether to build static libraries
configure:9297: result: no
configure:9390: result:
creating libtool
configure:13718: creating ./config.status

## ---------------------- ##
## Running config.status. ##
## ---------------------- ##

This file was extended by config.status, which was
generated by GNU Autoconf 2.61.  Invocation command line was

  CONFIG_FILES    = 
  CONFIG_HEADERS  = 
  CONFIG_LINKS    = 
  CONFIG_COMMANDS = 
  $ ./config.status 

on eric-desktop

config.status:515: creating config.h

## ---------------- ##
## Cache variables. ##
## ---------------- ##

ac_cv_build=i686-pc-linux-gnu
ac_cv_c_compiler_gnu=yes
ac_cv_env_CC_set=
ac_cv_env_CC_value=
ac_cv_env_CFLAGS_set=
ac_cv_env_CFLAGS_value=
ac_cv_env_CPPFLAGS_set=
ac_cv_env_CPPFLAGS_value=
ac_cv_env_CPP_set=
ac_cv_env_CPP_value=
ac_cv_env_LDFLAGS_set=
ac_cv_env_LDFLAGS_value=
ac_cv_env_LIBS_set=
ac_cv_env_LIBS_value=
ac_cv_env_build_alias_set=
ac_cv_env_build_alias_value=
ac_cv_env_host_alias_set=
ac_cv_env_host_alias_value=
ac_cv_env_target_alias_set=
ac_cv_env_target_alias_value=
ac_cv_header_dlfcn_h=yes
ac_cv_header_inttypes_h=yes
ac_cv_header_memory_h=yes
ac_cv_header_stdc=yes
ac_cv_header_stdint_h=yes
ac_cv_header_stdlib_h=yes
ac_cv_header_string_h=yes
ac_cv_header_strings_h=yes
ac_cv_header_sys_stat_h=yes
ac_cv_header_sys_types_h=yes
ac_cv_header_unistd_h=yes
ac_cv_host=i686-pc-linux-gnu
ac_cv_objext=o
ac_cv_path_EGREP='/bin/grep -E'
ac_cv_path_GREP=/bin/grep
ac_cv_prog_AWK=nawk
ac_cv_prog_CPP='gcc -E'
ac_cv_prog_ac_ct_AR=ar
ac_cv_prog_ac_ct_CC=gcc
ac_cv_prog_ac_ct_RANLIB=ranlib
ac_cv_prog_ac_ct_STRIP=strip
ac_cv_prog_cc_c89=
ac_cv_prog_cc_g=yes
ac_cv_prog_cc_gcc_c_o=yes
ac_cv_target=i686-pc-linux-gnu
lt_cv_deplibs_check_method=pass_all
lt_cv_file_magic_cmd='$MAGIC_CMD'
lt_cv_file_magic_test_file=
lt_cv_ld_reload_flag=-r
lt_cv_objdir=.libs
lt_cv_path_LD=/usr/bin/ld
lt_cv_path_NM='/usr/bin/nm -B'
lt_cv_path_SED=/bin/sed
lt_cv_prog_compiler_c_o=yes
lt_cv_prog_compiler_rtti_exceptions=no
lt_cv_prog_gnu_ld=yes
lt_cv_sys_global_symbol_pipe='sed -n -e '\''s/^.*[ 	]\([ABCDGIRSTW][ABCDGIRSTW]*\)[ 	][ 	]*\([_A-Za-z][_A-Za-z0-9]*\)$/\1 \2 \2/p'\'''
lt_cv_sys_global_symbol_to_c_name_address='sed -n -e '\''s/^: \([^ ]*\) $/  {\"\1\", (lt_ptr) 0},/p'\'' -e '\''s/^[BCDEGRST] \([^ ]*\) \([^ ]*\)$/  {"\2", (lt_ptr) \&\2},/p'\'''
lt_cv_sys_global_symbol_to_cdecl='sed -n -e '\''s/^. .* \(.*\)$/extern int \1;/p'\'''
lt_cv_sys_max_cmd_len=32768
lt_lt_cv_prog_compiler_c_o='"yes"'
lt_lt_cv_sys_global_symbol_pipe='"sed -n -e '\''s/^.*[ 	]\\([ABCDGIRSTW][ABCDGIRSTW]*\\)[ 	][ 	]*\\([_A-Za-z][_A-Za-z0-9]*\\)\$/\\1 \\2 \\2/p'\''"'
lt_lt_cv_sys_global_symbol_to_c_name_address='"sed -n -e '\''s/^: \\([^ ]*\\) \$/  {\\\"\\1\\\", (lt_ptr) 0},/p'\'' -e '\''s/^[BCDEGRST] \\([^ ]*\\) \\([^ ]*\\)\$/  {\"\\2\", (lt_ptr) \\&\\2},/p'\''"'
lt_lt_cv_sys_global_symbol_to_cdecl='"sed -n -e '\''s/^. .* \\(.*\\)\$/extern int \\1;/p'\''"'
php_cv_cc_dashr=no
php_cv_cc_rpath=yes

## ----------------- ##
## Output variables. ##
## ----------------- ##

AR='ar'
AWK='nawk'
CC='gcc'
CFLAGS='-g  -O0'
CONFIGURE_COMMAND=' '\''./configure'\''  '\''--enable-obf'\'''
CONFIGURE_OPTIONS=' '\''--enable-obf'\'''
CPP='gcc -E'
CPPFLAGS='-I/usr/local/include/php -DHAVE_CONFIG_H'
DEFS='-DHAVE_CONFIG_H'
ECHO='echo'
ECHO_C=''
ECHO_N='-n'
ECHO_T=''
EGREP='/bin/grep -E'
EXEEXT=''
GREP='/bin/grep'
LDFLAGS=''
LIBOBJS=''
LIBS=''
LIBTOOL='$(SHELL) $(top_builddir)/libtool'
LN_S='ln -s'
LTLIBOBJS=''
OBJEXT='o'
PACKAGE_BUGREPORT=''
PACKAGE_NAME=''
PACKAGE_STRING=''
PACKAGE_TARNAME=''
PACKAGE_VERSION=''
PATH_SEPARATOR=':'
RANLIB='ranlib'
RE2C='exit 0;'
SED='/bin/sed'
SHELL='/bin/bash'
SHLIB_DL_SUFFIX_NAME='so'
SHLIB_SUFFIX_NAME='so'
STRIP='strip'
ac_ct_CC='gcc'
bindir='${exec_prefix}/bin'
build='i686-pc-linux-gnu'
build_alias=''
build_cpu='i686'
build_os='linux-gnu'
build_vendor='pc'
datadir='${datarootdir}'
datarootdir='${prefix}/share'
docdir='${datarootdir}/doc/${PACKAGE}'
dvidir='${docdir}'
exec_prefix='$(prefix)'
host='i686-pc-linux-gnu'
host_alias='i686-pc-linux-gnu'
host_cpu='i686'
host_os='linux-gnu'
host_vendor='pc'
htmldir='${docdir}'
includedir='${prefix}/include'
infodir='${datarootdir}/info'
libdir='${exec_prefix}/lib'
libexecdir='${exec_prefix}/libexec'
localedir='${datarootdir}/locale'
localstatedir='${prefix}/var'
mandir='${datarootdir}/man'
oldincludedir='/usr/include'
pdfdir='${docdir}'
prefix='/usr/local'
program_transform_name='s,x,x,'
psdir='${docdir}'
sbindir='${exec_prefix}/sbin'
sharedstatedir='${prefix}/com'
sysconfdir='${prefix}/etc'
target='i686-pc-linux-gnu'
target_alias=''
target_cpu='i686'
target_os='linux-gnu'
target_vendor='pc'

## ----------- ##
## confdefs.h. ##
## ----------- ##

#define PACKAGE_NAME ""
#define PACKAGE_TARNAME ""
#define PACKAGE_VERSION ""
#define PACKAGE_STRING ""
#define PACKAGE_BUGREPORT ""
#define HAVE_OBF 1
#define COMPILE_DL_OBF 1
#define STDC_HEADERS 1
#define HAVE_SYS_TYPES_H 1
#define HAVE_SYS_STAT_H 1
#define HAVE_STDLIB_H 1
#define HAVE_STRING_H 1
#define HAVE_MEMORY_H 1
#define HAVE_STRINGS_H 1
#define HAVE_INTTYPES_H 1
#define HAVE_STDINT_H 1
#define HAVE_UNISTD_H 1
#define HAVE_DLFCN_H 1

configure: exit 0
